<?xml version="1.0" encoding="UTF-8"?>
<!-- Generated by org.testng.reporters.JUnitXMLReporter -->
<testsuite ignored="0" hostname="LAPTOP-DFDTRN2Q" failures="0" tests="3" name="Test" time="35.834" errors="0" timestamp="2022-04-27T18:04:31 IST">
  <testcase classname="TestCases.Googlesearch" name="googleTest" time="9.005"/>
  <testcase classname="TestCases.Googlesearch" name="facebookTest" time="5.208"/>
  <testcase classname="TestCases.Googlesearch" name="instagramTest" time="8.445"/>
</testsuite> <!-- Test -->
