<?xml version="1.0" encoding="UTF-8"?>
<!-- Generated by org.testng.reporters.JUnitXMLReporter -->
<testsuite ignored="0" hostname="LAPTOP-DFDTRN2Q" failures="0" tests="3" name="Default test" time="38.1" errors="0" timestamp="2022-04-27T17:54:07 IST">
  <testcase classname="TestCases.Googleserch" name="googleTest" time="9.291"/>
  <testcase classname="TestCases.Googleserch" name="facebookTest" time="5.304"/>
  <testcase classname="TestCases.Googleserch" name="instagramTest" time="9.768"/>
</testsuite> <!-- Default test -->
