<?xml version="1.0" encoding="UTF-8"?>
<testng-results ignored="0" total="3" passed="3" failed="0" skipped="0">
  <reporter-output>
  </reporter-output>
  <suite started-at="2022-04-27T18:03:55 IST" name="Suite" finished-at="2022-04-27T18:04:31 IST" duration-ms="35834">
    <groups>
    </groups>
    <test started-at="2022-04-27T18:03:55 IST" name="Test" finished-at="2022-04-27T18:04:31 IST" duration-ms="35834">
      <class name="TestCases.Googlesearch">
        <test-method is-config="true" signature="chromeRun()[pri:0, instance:TestCases.Googlesearch@7fee8714]" started-at="2022-04-27T18:03:55 IST" name="chromeRun" finished-at="2022-04-27T18:04:00 IST" duration-ms="5036" status="PASS">
          <reporter-output>
          </reporter-output>
        </test-method> <!-- chromeRun -->
        <test-method signature="googleTest()[pri:1, instance:TestCases.Googlesearch@7fee8714]" started-at="2022-04-27T18:04:00 IST" name="googleTest" finished-at="2022-04-27T18:04:10 IST" duration-ms="9005" status="PASS">
          <reporter-output>
          </reporter-output>
        </test-method> <!-- googleTest -->
        <test-method is-config="true" signature="close()[pri:0, instance:TestCases.Googlesearch@7fee8714]" started-at="2022-04-27T18:04:10 IST" name="close" finished-at="2022-04-27T18:04:10 IST" duration-ms="452" status="PASS">
          <reporter-output>
          </reporter-output>
        </test-method> <!-- close -->
        <test-method is-config="true" signature="chromeRun()[pri:0, instance:TestCases.Googlesearch@7fee8714]" started-at="2022-04-27T18:04:10 IST" name="chromeRun" finished-at="2022-04-27T18:04:13 IST" duration-ms="3504" status="PASS">
          <reporter-output>
          </reporter-output>
        </test-method> <!-- chromeRun -->
        <test-method signature="facebookTest()[pri:2, instance:TestCases.Googlesearch@7fee8714]" started-at="2022-04-27T18:04:13 IST" name="facebookTest" finished-at="2022-04-27T18:04:19 IST" duration-ms="5208" status="PASS">
          <reporter-output>
          </reporter-output>
        </test-method> <!-- facebookTest -->
        <test-method is-config="true" signature="close()[pri:0, instance:TestCases.Googlesearch@7fee8714]" started-at="2022-04-27T18:04:19 IST" name="close" finished-at="2022-04-27T18:04:19 IST" duration-ms="422" status="PASS">
          <reporter-output>
          </reporter-output>
        </test-method> <!-- close -->
        <test-method is-config="true" signature="chromeRun()[pri:0, instance:TestCases.Googlesearch@7fee8714]" started-at="2022-04-27T18:04:19 IST" name="chromeRun" finished-at="2022-04-27T18:04:22 IST" duration-ms="3299" status="PASS">
          <reporter-output>
          </reporter-output>
        </test-method> <!-- chromeRun -->
        <test-method signature="instagramTest()[pri:3, instance:TestCases.Googlesearch@7fee8714]" started-at="2022-04-27T18:04:22 IST" name="instagramTest" finished-at="2022-04-27T18:04:31 IST" duration-ms="8445" status="PASS">
          <reporter-output>
          </reporter-output>
        </test-method> <!-- instagramTest -->
        <test-method is-config="true" signature="close()[pri:0, instance:TestCases.Googlesearch@7fee8714]" started-at="2022-04-27T18:04:31 IST" name="close" finished-at="2022-04-27T18:04:31 IST" duration-ms="408" status="PASS">
          <reporter-output>
          </reporter-output>
        </test-method> <!-- close -->
      </class> <!-- TestCases.Googlesearch -->
    </test> <!-- Test -->
  </suite> <!-- Suite -->
</testng-results>
